2025-06-18 10:30:05,733 - INFO - Starting comprehensive betting strategy analysis...
2025-06-18 10:30:05,793 - INFO - Successfully connected to database: data/raw/mlb_betting.duckdb
2025-06-18 10:30:05,794 - INFO - Executing Line Movement Strategy analysis...
2025-06-18 10:30:05,829 - INFO - ✅ Line Movement Strategy: 2 results found
2025-06-18 10:30:05,829 - INFO - Executing Sharp Action Detection analysis...
2025-06-18 10:30:05,839 - INFO - ✅ Sharp Action Detection: 2 results found
2025-06-18 10:30:05,842 - INFO - Executing Hybrid Line + Sharp Strategy analysis...
2025-06-18 10:30:05,855 - WARNING - ⚠️  Hybrid Line + Sharp Strategy: No results returned
2025-06-18 10:30:05,855 - WARNING - No results for Hybrid Line + Sharp Strategy
2025-06-18 10:30:05,856 - INFO - Executing Timing-Based Strategy analysis...
2025-06-18 10:30:05,862 - ERROR - ❌ Error executing Timing-Based Strategy: Binder Error: column "sharp_indicator" must appear in the GROUP BY clause or must be part of an aggregate function.
Either add it to the GROUP BY list, or use "ANY_VALUE(sharp_indicator)" if the exact value of "sharp_indicator" is not important.

LINE 68:         FIRST_VALUE(sharp_indicator) OVER (
                             ^
2025-06-18 10:30:05,862 - WARNING - No results for Timing-Based Strategy
2025-06-18 10:30:05,863 - INFO - Executing Strategy ROI Comparison analysis...
2025-06-18 10:30:05,865 - ERROR - ❌ Error executing Strategy ROI Comparison: Binder Error: column "line_movement_category" must appear in the GROUP BY clause or must be part of an aggregate function.
Either add it to the GROUP BY list, or use "ANY_VALUE(line_movement_category)" if the exact value of "line_movement_category" is not important.

LINE 176:         line_movement_category as strategy_classification,
                  ^
2025-06-18 10:30:05,865 - WARNING - No results for Strategy ROI Comparison
2025-06-18 10:30:05,865 - INFO - Executing Executive Summary analysis...
2025-06-18 10:30:05,866 - ERROR - ❌ Error executing Executive Summary: Parser Error: syntax error at or near "UNION"
2025-06-18 10:30:05,866 - WARNING - No results for Executive Summary
2025-06-18 10:30:05,870 - INFO - Saved Line Movement Strategy results to analysis_results/line_movement_strategy_20250618_103005.csv
2025-06-18 10:30:05,870 - INFO - Saved Sharp Action Detection results to analysis_results/sharp_action_detection_20250618_103005.csv
2025-06-18 10:30:05,872 - INFO - Database connection closed
2025-06-18 10:34:29,103 - INFO - Starting comprehensive betting strategy analysis...
2025-06-18 10:34:29,170 - INFO - Successfully connected to database: data/raw/mlb_betting.duckdb
2025-06-18 10:34:29,171 - INFO - Executing Line Movement Strategy analysis...
2025-06-18 10:34:29,212 - INFO - ✅ Line Movement Strategy: 2 results found
2025-06-18 10:34:29,214 - INFO - Executing Sharp Action Detection analysis...
2025-06-18 10:34:29,223 - INFO - ✅ Sharp Action Detection: 2 results found
2025-06-18 10:34:29,226 - INFO - Executing Hybrid Line + Sharp Strategy analysis...
2025-06-18 10:34:29,242 - WARNING - ⚠️  Hybrid Line + Sharp Strategy: No results returned
2025-06-18 10:34:29,242 - WARNING - No results for Hybrid Line + Sharp Strategy
2025-06-18 10:34:29,243 - INFO - Executing Timing-Based Strategy analysis...
2025-06-18 10:34:29,248 - ERROR - ❌ Error executing Timing-Based Strategy: Binder Error: Referenced column "bet_recommendation" not found in FROM clause!
Candidate bindings: "home_team", "timing_pattern", "closing_differential", "home_cover_spread", "earliest_strong_sharp_hours"

LINE 166:             WHEN bet_recommendation LIKE 'BET_HOME%' AND home_win = true...
                           ^
2025-06-18 10:34:29,248 - WARNING - No results for Timing-Based Strategy
2025-06-18 10:34:29,248 - INFO - Executing Strategy ROI Comparison analysis...
2025-06-18 10:34:29,280 - WARNING - ⚠️  Strategy ROI Comparison: No results returned
2025-06-18 10:34:29,280 - WARNING - No results for Strategy ROI Comparison
2025-06-18 10:34:29,281 - INFO - Executing Executive Summary analysis...
2025-06-18 10:34:29,282 - ERROR - ❌ Error executing Executive Summary: Parser Error: syntax error at or near "summary_data"
2025-06-18 10:34:29,282 - WARNING - No results for Executive Summary
2025-06-18 10:34:29,285 - INFO - Saved Line Movement Strategy results to analysis_results/line_movement_strategy_20250618_103429.csv
2025-06-18 10:34:29,285 - INFO - Saved Sharp Action Detection results to analysis_results/sharp_action_detection_20250618_103429.csv
2025-06-18 10:34:29,287 - INFO - Database connection closed
2025-06-18 10:36:12,555 - INFO - Starting comprehensive betting strategy analysis...
2025-06-18 10:36:12,623 - INFO - Successfully connected to database: data/raw/mlb_betting.duckdb
2025-06-18 10:36:12,623 - INFO - Executing Line Movement Strategy analysis...
2025-06-18 10:36:12,668 - INFO - ✅ Line Movement Strategy: 2 results found
2025-06-18 10:36:12,670 - INFO - Executing Sharp Action Detection analysis...
2025-06-18 10:36:12,678 - INFO - ✅ Sharp Action Detection: 2 results found
2025-06-18 10:36:12,680 - INFO - Executing Hybrid Line + Sharp Strategy analysis...
2025-06-18 10:36:12,694 - WARNING - ⚠️  Hybrid Line + Sharp Strategy: No results returned
2025-06-18 10:36:12,695 - WARNING - No results for Hybrid Line + Sharp Strategy
2025-06-18 10:36:12,695 - INFO - Executing Timing-Based Strategy analysis...
2025-06-18 10:36:12,715 - INFO - ✅ Timing-Based Strategy: 3 results found
2025-06-18 10:36:12,717 - INFO - Executing Strategy ROI Comparison analysis...
2025-06-18 10:36:12,754 - WARNING - ⚠️  Strategy ROI Comparison: No results returned
2025-06-18 10:36:12,754 - WARNING - No results for Strategy ROI Comparison
2025-06-18 10:36:12,754 - INFO - Executing Executive Summary analysis...
2025-06-18 10:36:12,757 - ERROR - ❌ Error executing Executive Summary: Parser Error: syntax error at or near "summary_data"
2025-06-18 10:36:12,757 - WARNING - No results for Executive Summary
2025-06-18 10:36:12,759 - INFO - Saved Line Movement Strategy results to analysis_results/line_movement_strategy_20250618_103612.csv
2025-06-18 10:36:12,760 - INFO - Saved Sharp Action Detection results to analysis_results/sharp_action_detection_20250618_103612.csv
2025-06-18 10:36:12,760 - INFO - Saved Timing-Based Strategy results to analysis_results/timing-based_strategy_20250618_103612.csv
2025-06-18 10:36:12,762 - INFO - Database connection closed
2025-06-18 10:39:16,114 - INFO - Starting comprehensive betting strategy analysis...
2025-06-18 10:39:16,181 - INFO - Successfully connected to database: data/raw/mlb_betting.duckdb
2025-06-18 10:39:16,181 - INFO - Executing Line Movement Strategy analysis...
2025-06-18 10:39:16,220 - INFO - ✅ Line Movement Strategy: 2 results found
2025-06-18 10:39:16,222 - INFO - Executing Sharp Action Detection analysis...
2025-06-18 10:39:16,231 - INFO - ✅ Sharp Action Detection: 2 results found
2025-06-18 10:39:16,234 - INFO - Executing Hybrid Line + Sharp Strategy analysis...
2025-06-18 10:39:16,245 - WARNING - ⚠️  Hybrid Line + Sharp Strategy: No results returned
2025-06-18 10:39:16,246 - WARNING - No results for Hybrid Line + Sharp Strategy
2025-06-18 10:39:16,246 - INFO - Executing Timing-Based Strategy analysis...
2025-06-18 10:39:16,266 - INFO - ✅ Timing-Based Strategy: 3 results found
2025-06-18 10:39:16,268 - INFO - Executing Strategy ROI Comparison analysis...
2025-06-18 10:39:16,304 - WARNING - ⚠️  Strategy ROI Comparison: No results returned
2025-06-18 10:39:16,304 - WARNING - No results for Strategy ROI Comparison
2025-06-18 10:39:16,304 - INFO - Executing Executive Summary analysis...
2025-06-18 10:39:16,317 - INFO - ✅ Executive Summary: 10 results found
2025-06-18 10:39:16,319 - INFO - Saved Line Movement Strategy results to analysis_results/line_movement_strategy_20250618_103916.csv
2025-06-18 10:39:16,319 - INFO - Saved Sharp Action Detection results to analysis_results/sharp_action_detection_20250618_103916.csv
2025-06-18 10:39:16,320 - INFO - Saved Timing-Based Strategy results to analysis_results/timing-based_strategy_20250618_103916.csv
2025-06-18 10:39:16,320 - INFO - Saved Executive Summary results to analysis_results/executive_summary_20250618_103916.csv
2025-06-18 10:39:16,322 - INFO - Database connection closed
2025-06-18 13:56:16,450 - INFO - Starting comprehensive betting strategy analysis...
2025-06-18 13:56:16,533 - INFO - Successfully connected to database: data/raw/mlb_betting.duckdb
2025-06-18 13:56:16,534 - INFO - Executing Line Movement Strategy analysis...
2025-06-18 13:56:16,580 - INFO - ✅ Line Movement Strategy: 2 results found
2025-06-18 13:56:16,582 - INFO - Executing Sharp Action Detection analysis...
2025-06-18 13:56:16,592 - INFO - ✅ Sharp Action Detection: 2 results found
2025-06-18 13:56:16,595 - INFO - Executing Hybrid Line + Sharp Strategy analysis...
2025-06-18 13:56:16,612 - WARNING - ⚠️  Hybrid Line + Sharp Strategy: No results returned
2025-06-18 13:56:16,612 - WARNING - No results for Hybrid Line + Sharp Strategy
2025-06-18 13:56:16,613 - INFO - Executing Timing-Based Strategy analysis...
2025-06-18 13:56:16,637 - INFO - ✅ Timing-Based Strategy: 3 results found
2025-06-18 13:56:16,639 - INFO - Executing Strategy ROI Comparison analysis...
2025-06-18 13:56:16,674 - WARNING - ⚠️  Strategy ROI Comparison: No results returned
2025-06-18 13:56:16,674 - WARNING - No results for Strategy ROI Comparison
2025-06-18 13:56:16,675 - INFO - Executing Executive Summary analysis...
2025-06-18 13:56:16,688 - INFO - ✅ Executive Summary: 10 results found
2025-06-18 13:56:16,691 - INFO - Saved Line Movement Strategy results to analysis_results/line_movement_strategy_20250618_135616.csv
2025-06-18 13:56:16,691 - INFO - Saved Sharp Action Detection results to analysis_results/sharp_action_detection_20250618_135616.csv
2025-06-18 13:56:16,691 - INFO - Saved Timing-Based Strategy results to analysis_results/timing-based_strategy_20250618_135616.csv
2025-06-18 13:56:16,692 - INFO - Saved Executive Summary results to analysis_results/executive_summary_20250618_135616.csv
2025-06-18 13:56:16,695 - INFO - Database connection closed
2025-06-18 14:50:57,361 - INFO - Starting comprehensive betting strategy analysis...
2025-06-18 14:50:57,434 - INFO - Successfully connected to database: data/raw/mlb_betting.duckdb
2025-06-18 14:50:57,435 - INFO - Executing Line Movement Strategy analysis...
2025-06-18 14:50:57,479 - INFO - ✅ Line Movement Strategy: 2 results found
2025-06-18 14:50:57,481 - INFO - Executing Sharp Action Detection analysis...
2025-06-18 14:50:57,491 - INFO - ✅ Sharp Action Detection: 2 results found
2025-06-18 14:50:57,493 - INFO - Executing Hybrid Line + Sharp Strategy analysis...
2025-06-18 14:50:57,509 - WARNING - ⚠️  Hybrid Line + Sharp Strategy: No results returned
2025-06-18 14:50:57,509 - WARNING - No results for Hybrid Line + Sharp Strategy
2025-06-18 14:50:57,510 - INFO - Executing Timing-Based Strategy analysis...
2025-06-18 14:50:57,530 - INFO - ✅ Timing-Based Strategy: 3 results found
2025-06-18 14:50:57,531 - INFO - Executing Strategy ROI Comparison analysis...
2025-06-18 14:50:57,573 - WARNING - ⚠️  Strategy ROI Comparison: No results returned
2025-06-18 14:50:57,573 - WARNING - No results for Strategy ROI Comparison
2025-06-18 14:50:57,573 - INFO - Executing Executive Summary analysis...
2025-06-18 14:50:57,586 - INFO - ✅ Executive Summary: 10 results found
2025-06-18 14:50:57,588 - INFO - Saved Line Movement Strategy results to analysis_results/line_movement_strategy_20250618_145057.csv
2025-06-18 14:50:57,589 - INFO - Saved Sharp Action Detection results to analysis_results/sharp_action_detection_20250618_145057.csv
2025-06-18 14:50:57,589 - INFO - Saved Timing-Based Strategy results to analysis_results/timing-based_strategy_20250618_145057.csv
2025-06-18 14:50:57,589 - INFO - Saved Executive Summary results to analysis_results/executive_summary_20250618_145057.csv
2025-06-18 14:50:57,592 - INFO - Database connection closed
