/Users/samlafell/Documents/programming_projects/sports_betting_dime_splits/.venv/lib/python3.10/site-packages/pydantic/_internal/_config.py:373: UserWarning: Valid config keys have changed in V2:
* 'allow_population_by_field_name' has been renamed to 'validate_by_name'
  warnings.warn(message, UserWarning)
🏈 MLB Betting Analysis Scheduler
==================================================
2025-06-24 15:40:33 [info     ] Starting MLB betting scheduler service=scheduler
2025-06-24 15:40:33 [info     ] Scheduler started successfully jobs_count=2 service=scheduler
🚀 Scheduler started successfully!

📋 Schedule:
   🕐 Hourly data collection: Every hour at :00
   🌅 Daily setup: 6:00 AM EST (gets today's games)
   ⚾ Game alerts: 5 minutes before each game

💡 Notifications will appear in this console
   You can also integrate with Slack/Discord/email later

🎯 Your betting analysis will run:
   • Every hour for general updates
   • 5 minutes before each game for real-time analysis

Press Ctrl+C to stop the scheduler...
==================================================

📊 Initial Status: 2 jobs scheduled
2025-06-24 15:40:33 [info     ] Fetching MLB games             date=2025-06-24 service=mlb_stats_api
2025-06-24 15:40:33 [info     ] Successfully fetched MLB games date=2025-06-24 games_count=15 service=mlb_stats_api
2025-06-24 15:40:33 [info     ] Scheduled enhanced data collection collection_time=datetime.datetime(2025, 6, 24, 22, 5, tzinfo=datetime.timezone.utc) collection_type='30-min Data Collection' game='Texas Rangers @ Baltimore Orioles' game_time=datetime.datetime(2025, 6, 24, 22, 35, tzinfo=datetime.timezone.utc) minutes_before=30 service=scheduler
2025-06-24 15:40:33 [info     ] Scheduled enhanced data collection collection_time=datetime.datetime(2025, 6, 24, 22, 20, tzinfo=datetime.timezone.utc) collection_type='15-min Data Collection' game='Texas Rangers @ Baltimore Orioles' game_time=datetime.datetime(2025, 6, 24, 22, 35, tzinfo=datetime.timezone.utc) minutes_before=15 service=scheduler
2025-06-24 15:40:33 [info     ] Scheduled enhanced data collection collection_time=datetime.datetime(2025, 6, 24, 22, 30, tzinfo=datetime.timezone.utc) collection_type='Game Alert' game='Texas Rangers @ Baltimore Orioles' game_time=datetime.datetime(2025, 6, 24, 22, 35, tzinfo=datetime.timezone.utc) minutes_before=5 service=scheduler
2025-06-24 15:40:33 [info     ] Scheduled enhanced data collection collection_time=datetime.datetime(2025, 6, 24, 22, 10, tzinfo=datetime.timezone.utc) collection_type='30-min Data Collection' game='Athletics @ Detroit Tigers' game_time=datetime.datetime(2025, 6, 24, 22, 40, tzinfo=datetime.timezone.utc) minutes_before=30 service=scheduler
2025-06-24 15:40:33 [info     ] Scheduled enhanced data collection collection_time=datetime.datetime(2025, 6, 24, 22, 25, tzinfo=datetime.timezone.utc) collection_type='15-min Data Collection' game='Athletics @ Detroit Tigers' game_time=datetime.datetime(2025, 6, 24, 22, 40, tzinfo=datetime.timezone.utc) minutes_before=15 service=scheduler
2025-06-24 15:40:33 [info     ] Scheduled enhanced data collection collection_time=datetime.datetime(2025, 6, 24, 22, 35, tzinfo=datetime.timezone.utc) collection_type='Game Alert' game='Athletics @ Detroit Tigers' game_time=datetime.datetime(2025, 6, 24, 22, 40, tzinfo=datetime.timezone.utc) minutes_before=5 service=scheduler
2025-06-24 15:40:33 [info     ] Scheduled enhanced data collection collection_time=datetime.datetime(2025, 6, 24, 22, 10, tzinfo=datetime.timezone.utc) collection_type='30-min Data Collection' game='Toronto Blue Jays @ Cleveland Guardians' game_time=datetime.datetime(2025, 6, 24, 22, 40, tzinfo=datetime.timezone.utc) minutes_before=30 service=scheduler
2025-06-24 15:40:33 [info     ] Scheduled enhanced data collection collection_time=datetime.datetime(2025, 6, 24, 22, 25, tzinfo=datetime.timezone.utc) collection_type='15-min Data Collection' game='Toronto Blue Jays @ Cleveland Guardians' game_time=datetime.datetime(2025, 6, 24, 22, 40, tzinfo=datetime.timezone.utc) minutes_before=15 service=scheduler
2025-06-24 15:40:33 [info     ] Scheduled enhanced data collection collection_time=datetime.datetime(2025, 6, 24, 22, 35, tzinfo=datetime.timezone.utc) collection_type='Game Alert' game='Toronto Blue Jays @ Cleveland Guardians' game_time=datetime.datetime(2025, 6, 24, 22, 40, tzinfo=datetime.timezone.utc) minutes_before=5 service=scheduler
2025-06-24 15:40:33 [info     ] Scheduled enhanced data collection collection_time=datetime.datetime(2025, 6, 24, 22, 40, tzinfo=datetime.timezone.utc) collection_type='30-min Data Collection' game='Atlanta Braves @ New York Mets' game_time=datetime.datetime(2025, 6, 24, 23, 10, tzinfo=datetime.timezone.utc) minutes_before=30 service=scheduler
2025-06-24 15:40:33 [info     ] Scheduled enhanced data collection collection_time=datetime.datetime(2025, 6, 24, 22, 55, tzinfo=datetime.timezone.utc) collection_type='15-min Data Collection' game='Atlanta Braves @ New York Mets' game_time=datetime.datetime(2025, 6, 24, 23, 10, tzinfo=datetime.timezone.utc) minutes_before=15 service=scheduler
2025-06-24 15:40:33 [info     ] Scheduled enhanced data collection collection_time=datetime.datetime(2025, 6, 24, 23, 5, tzinfo=datetime.timezone.utc) collection_type='Game Alert' game='Atlanta Braves @ New York Mets' game_time=datetime.datetime(2025, 6, 24, 23, 10, tzinfo=datetime.timezone.utc) minutes_before=5 service=scheduler
2025-06-24 15:40:33 [info     ] Scheduled enhanced data collection collection_time=datetime.datetime(2025, 6, 24, 22, 40, tzinfo=datetime.timezone.utc) collection_type='30-min Data Collection' game='New York Yankees @ Cincinnati Reds' game_time=datetime.datetime(2025, 6, 24, 23, 10, tzinfo=datetime.timezone.utc) minutes_before=30 service=scheduler
2025-06-24 15:40:33 [info     ] Scheduled enhanced data collection collection_time=datetime.datetime(2025, 6, 24, 22, 55, tzinfo=datetime.timezone.utc) collection_type='15-min Data Collection' game='New York Yankees @ Cincinnati Reds' game_time=datetime.datetime(2025, 6, 24, 23, 10, tzinfo=datetime.timezone.utc) minutes_before=15 service=scheduler
2025-06-24 15:40:33 [info     ] Scheduled enhanced data collection collection_time=datetime.datetime(2025, 6, 24, 23, 5, tzinfo=datetime.timezone.utc) collection_type='Game Alert' game='New York Yankees @ Cincinnati Reds' game_time=datetime.datetime(2025, 6, 24, 23, 10, tzinfo=datetime.timezone.utc) minutes_before=5 service=scheduler
2025-06-24 15:40:33 [info     ] Scheduled enhanced data collection collection_time=datetime.datetime(2025, 6, 24, 23, 10, tzinfo=datetime.timezone.utc) collection_type='30-min Data Collection' game='Tampa Bay Rays @ Kansas City Royals' game_time=datetime.datetime(2025, 6, 24, 23, 40, tzinfo=datetime.timezone.utc) minutes_before=30 service=scheduler
2025-06-24 15:40:33 [info     ] Scheduled enhanced data collection collection_time=datetime.datetime(2025, 6, 24, 23, 25, tzinfo=datetime.timezone.utc) collection_type='15-min Data Collection' game='Tampa Bay Rays @ Kansas City Royals' game_time=datetime.datetime(2025, 6, 24, 23, 40, tzinfo=datetime.timezone.utc) minutes_before=15 service=scheduler
2025-06-24 15:40:33 [info     ] Scheduled enhanced data collection collection_time=datetime.datetime(2025, 6, 24, 23, 35, tzinfo=datetime.timezone.utc) collection_type='Game Alert' game='Tampa Bay Rays @ Kansas City Royals' game_time=datetime.datetime(2025, 6, 24, 23, 40, tzinfo=datetime.timezone.utc) minutes_before=5 service=scheduler
2025-06-24 15:40:33 [info     ] Scheduled enhanced data collection collection_time=datetime.datetime(2025, 6, 24, 23, 10, tzinfo=datetime.timezone.utc) collection_type='30-min Data Collection' game='Seattle Mariners @ Minnesota Twins' game_time=datetime.datetime(2025, 6, 24, 23, 40, tzinfo=datetime.timezone.utc) minutes_before=30 service=scheduler
2025-06-24 15:40:33 [info     ] Scheduled enhanced data collection collection_time=datetime.datetime(2025, 6, 24, 23, 25, tzinfo=datetime.timezone.utc) collection_type='15-min Data Collection' game='Seattle Mariners @ Minnesota Twins' game_time=datetime.datetime(2025, 6, 24, 23, 40, tzinfo=datetime.timezone.utc) minutes_before=15 service=scheduler
2025-06-24 15:40:33 [info     ] Scheduled enhanced data collection collection_time=datetime.datetime(2025, 6, 24, 23, 35, tzinfo=datetime.timezone.utc) collection_type='Game Alert' game='Seattle Mariners @ Minnesota Twins' game_time=datetime.datetime(2025, 6, 24, 23, 40, tzinfo=datetime.timezone.utc) minutes_before=5 service=scheduler
2025-06-24 15:40:33 [info     ] Scheduled enhanced data collection collection_time=datetime.datetime(2025, 6, 24, 23, 10, tzinfo=datetime.timezone.utc) collection_type='30-min Data Collection' game='Arizona Diamondbacks @ Chicago White Sox' game_time=datetime.datetime(2025, 6, 24, 23, 40, tzinfo=datetime.timezone.utc) minutes_before=30 service=scheduler
2025-06-24 15:40:33 [info     ] Scheduled enhanced data collection collection_time=datetime.datetime(2025, 6, 24, 23, 25, tzinfo=datetime.timezone.utc) collection_type='15-min Data Collection' game='Arizona Diamondbacks @ Chicago White Sox' game_time=datetime.datetime(2025, 6, 24, 23, 40, tzinfo=datetime.timezone.utc) minutes_before=15 service=scheduler
2025-06-24 15:40:33 [info     ] Scheduled enhanced data collection collection_time=datetime.datetime(2025, 6, 24, 23, 35, tzinfo=datetime.timezone.utc) collection_type='Game Alert' game='Arizona Diamondbacks @ Chicago White Sox' game_time=datetime.datetime(2025, 6, 24, 23, 40, tzinfo=datetime.timezone.utc) minutes_before=5 service=scheduler
2025-06-24 15:40:33 [info     ] Scheduled enhanced data collection collection_time=datetime.datetime(2025, 6, 24, 23, 10, tzinfo=datetime.timezone.utc) collection_type='30-min Data Collection' game='Pittsburgh Pirates @ Milwaukee Brewers' game_time=datetime.datetime(2025, 6, 24, 23, 40, tzinfo=datetime.timezone.utc) minutes_before=30 service=scheduler
2025-06-24 15:40:33 [info     ] Scheduled enhanced data collection collection_time=datetime.datetime(2025, 6, 24, 23, 25, tzinfo=datetime.timezone.utc) collection_type='15-min Data Collection' game='Pittsburgh Pirates @ Milwaukee Brewers' game_time=datetime.datetime(2025, 6, 24, 23, 40, tzinfo=datetime.timezone.utc) minutes_before=15 service=scheduler
2025-06-24 15:40:33 [info     ] Scheduled enhanced data collection collection_time=datetime.datetime(2025, 6, 24, 23, 35, tzinfo=datetime.timezone.utc) collection_type='Game Alert' game='Pittsburgh Pirates @ Milwaukee Brewers' game_time=datetime.datetime(2025, 6, 24, 23, 40, tzinfo=datetime.timezone.utc) minutes_before=5 service=scheduler
2025-06-24 15:40:33 [info     ] Scheduled enhanced data collection collection_time=datetime.datetime(2025, 6, 24, 23, 15, tzinfo=datetime.timezone.utc) collection_type='30-min Data Collection' game='Chicago Cubs @ St. Louis Cardinals' game_time=datetime.datetime(2025, 6, 24, 23, 45, tzinfo=datetime.timezone.utc) minutes_before=30 service=scheduler
2025-06-24 15:40:33 [info     ] Scheduled enhanced data collection collection_time=datetime.datetime(2025, 6, 24, 23, 30, tzinfo=datetime.timezone.utc) collection_type='15-min Data Collection' game='Chicago Cubs @ St. Louis Cardinals' game_time=datetime.datetime(2025, 6, 24, 23, 45, tzinfo=datetime.timezone.utc) minutes_before=15 service=scheduler
2025-06-24 15:40:33 [info     ] Scheduled enhanced data collection collection_time=datetime.datetime(2025, 6, 24, 23, 40, tzinfo=datetime.timezone.utc) collection_type='Game Alert' game='Chicago Cubs @ St. Louis Cardinals' game_time=datetime.datetime(2025, 6, 24, 23, 45, tzinfo=datetime.timezone.utc) minutes_before=5 service=scheduler
2025-06-24 15:40:33 [info     ] Scheduled enhanced data collection collection_time=datetime.datetime(2025, 6, 24, 23, 40, tzinfo=datetime.timezone.utc) collection_type='30-min Data Collection' game='Philadelphia Phillies @ Houston Astros' game_time=datetime.datetime(2025, 6, 25, 0, 10, tzinfo=datetime.timezone.utc) minutes_before=30 service=scheduler
2025-06-24 15:40:33 [info     ] Scheduled enhanced data collection collection_time=datetime.datetime(2025, 6, 24, 23, 55, tzinfo=datetime.timezone.utc) collection_type='15-min Data Collection' game='Philadelphia Phillies @ Houston Astros' game_time=datetime.datetime(2025, 6, 25, 0, 10, tzinfo=datetime.timezone.utc) minutes_before=15 service=scheduler
2025-06-24 15:40:33 [info     ] Scheduled enhanced data collection collection_time=datetime.datetime(2025, 6, 25, 0, 5, tzinfo=datetime.timezone.utc) collection_type='Game Alert' game='Philadelphia Phillies @ Houston Astros' game_time=datetime.datetime(2025, 6, 25, 0, 10, tzinfo=datetime.timezone.utc) minutes_before=5 service=scheduler
2025-06-24 15:40:33 [info     ] Scheduled enhanced data collection collection_time=datetime.datetime(2025, 6, 25, 0, 10, tzinfo=datetime.timezone.utc) collection_type='30-min Data Collection' game='Los Angeles Dodgers @ Colorado Rockies' game_time=datetime.datetime(2025, 6, 25, 0, 40, tzinfo=datetime.timezone.utc) minutes_before=30 service=scheduler
2025-06-24 15:40:33 [info     ] Scheduled enhanced data collection collection_time=datetime.datetime(2025, 6, 25, 0, 25, tzinfo=datetime.timezone.utc) collection_type='15-min Data Collection' game='Los Angeles Dodgers @ Colorado Rockies' game_time=datetime.datetime(2025, 6, 25, 0, 40, tzinfo=datetime.timezone.utc) minutes_before=15 service=scheduler
2025-06-24 15:40:33 [info     ] Scheduled enhanced data collection collection_time=datetime.datetime(2025, 6, 25, 0, 35, tzinfo=datetime.timezone.utc) collection_type='Game Alert' game='Los Angeles Dodgers @ Colorado Rockies' game_time=datetime.datetime(2025, 6, 25, 0, 40, tzinfo=datetime.timezone.utc) minutes_before=5 service=scheduler
2025-06-24 15:40:33 [info     ] Scheduled enhanced data collection collection_time=datetime.datetime(2025, 6, 25, 1, 8, tzinfo=datetime.timezone.utc) collection_type='30-min Data Collection' game='Boston Red Sox @ Los Angeles Angels' game_time=datetime.datetime(2025, 6, 25, 1, 38, tzinfo=datetime.timezone.utc) minutes_before=30 service=scheduler
2025-06-24 15:40:33 [info     ] Scheduled enhanced data collection collection_time=datetime.datetime(2025, 6, 25, 1, 23, tzinfo=datetime.timezone.utc) collection_type='15-min Data Collection' game='Boston Red Sox @ Los Angeles Angels' game_time=datetime.datetime(2025, 6, 25, 1, 38, tzinfo=datetime.timezone.utc) minutes_before=15 service=scheduler
2025-06-24 15:40:33 [info     ] Scheduled enhanced data collection collection_time=datetime.datetime(2025, 6, 25, 1, 33, tzinfo=datetime.timezone.utc) collection_type='Game Alert' game='Boston Red Sox @ Los Angeles Angels' game_time=datetime.datetime(2025, 6, 25, 1, 38, tzinfo=datetime.timezone.utc) minutes_before=5 service=scheduler
2025-06-24 15:40:33 [info     ] Scheduled enhanced data collection collection_time=datetime.datetime(2025, 6, 25, 1, 10, tzinfo=datetime.timezone.utc) collection_type='30-min Data Collection' game='Washington Nationals @ San Diego Padres' game_time=datetime.datetime(2025, 6, 25, 1, 40, tzinfo=datetime.timezone.utc) minutes_before=30 service=scheduler
2025-06-24 15:40:33 [info     ] Scheduled enhanced data collection collection_time=datetime.datetime(2025, 6, 25, 1, 25, tzinfo=datetime.timezone.utc) collection_type='15-min Data Collection' game='Washington Nationals @ San Diego Padres' game_time=datetime.datetime(2025, 6, 25, 1, 40, tzinfo=datetime.timezone.utc) minutes_before=15 service=scheduler
2025-06-24 15:40:33 [info     ] Scheduled enhanced data collection collection_time=datetime.datetime(2025, 6, 25, 1, 35, tzinfo=datetime.timezone.utc) collection_type='Game Alert' game='Washington Nationals @ San Diego Padres' game_time=datetime.datetime(2025, 6, 25, 1, 40, tzinfo=datetime.timezone.utc) minutes_before=5 service=scheduler
2025-06-24 15:40:33 [info     ] Scheduled enhanced data collection collection_time=datetime.datetime(2025, 6, 25, 1, 15, tzinfo=datetime.timezone.utc) collection_type='30-min Data Collection' game='Miami Marlins @ San Francisco Giants' game_time=datetime.datetime(2025, 6, 25, 1, 45, tzinfo=datetime.timezone.utc) minutes_before=30 service=scheduler
2025-06-24 15:40:33 [info     ] Scheduled enhanced data collection collection_time=datetime.datetime(2025, 6, 25, 1, 30, tzinfo=datetime.timezone.utc) collection_type='15-min Data Collection' game='Miami Marlins @ San Francisco Giants' game_time=datetime.datetime(2025, 6, 25, 1, 45, tzinfo=datetime.timezone.utc) minutes_before=15 service=scheduler
2025-06-24 15:40:33 [info     ] Scheduled enhanced data collection collection_time=datetime.datetime(2025, 6, 25, 1, 40, tzinfo=datetime.timezone.utc) collection_type='Game Alert' game='Miami Marlins @ San Francisco Giants' game_time=datetime.datetime(2025, 6, 25, 1, 45, tzinfo=datetime.timezone.utc) minutes_before=5 service=scheduler
2025-06-24 15:40:33 [info     ] Enhanced game alerts scheduled for today collection_points_per_game=3 games_found=15 games_scheduled=15 service=scheduler total_collection_jobs=45

🛑 Received signal 15, shutting down gracefully...
2025-06-24 15:42:32 [info     ] Stopping scheduler             service=scheduler
✅ Scheduler stopped. Goodbye!
